[0]	D: 0 -> 1
[0]	D: 0 -> 2
[0]	D: 0 -> 3
[0]	D: 0 -> 4
[0]	D: 0 -> 5
[0]	D: 1 -> 0
[0]	D: 1 -> 3
[0]	D: 2 -> 0
[0]	D: 2 -> 3
[0]	D: 2 -> 7
[0]	D: 3 -> 0
[0]	D: 3 -> 1
[0]	D: 3 -> 2
[0]	D: 3 -> 4
[0]	D: 3 -> 6
[0]	D: 4 -> 0
[0]	D: 4 -> 3
[0]	D: 4 -> 5
[0]	D: 4 -> 7
[0]	D: 5 -> 0
[0]	D: 5 -> 4
[0]	D: 5 -> 6
[0]	D: 6 -> 3
[0]	D: 6 -> 5
[0]	D: 7 -> 2
[0]	D: 7 -> 4
[1]	D: 0 -> 2
[1]	D: 0 -> 3
[1]	D: 0 -> 4
[1]	D: 0 -> 5
[1]	D: 0 -> 1
[1]	D: 0 -> 3
[1]	D: 0 -> 4
[1]	D: 0 -> 5
[1]	D: 0 -> 1
[1]	D: 0 -> 2
[1]	D: 0 -> 4
[1]	D: 0 -> 5
[1]	D: 0 -> 1
[1]	D: 0 -> 2
[1]	D: 0 -> 3
[1]	D: 0 -> 5
[1]	D: 0 -> 1
[1]	D: 0 -> 2
[1]	D: 0 -> 3
[1]	D: 0 -> 4
[1]	D: 1 -> 3
[1]	D: 1 -> 0
[1]	D: 2 -> 3
[1]	D: 2 -> 7
[1]	D: 2 -> 0
[1]	D: 2 -> 7
[1]	D: 2 -> 0
[1]	D: 2 -> 3
[1]	D: 3 -> 1
[1]	D: 3 -> 2
[1]	D: 3 -> 4
[1]	D: 3 -> 6
[1]	D: 3 -> 0
[1]	D: 3 -> 2
[1]	D: 3 -> 4
[1]	D: 3 -> 6
[1]	D: 3 -> 0
[1]	D: 3 -> 1
[1]	D: 3 -> 4
[1]	D: 3 -> 6
[1]	D: 3 -> 0
[1]	D: 3 -> 1
[1]	D: 3 -> 2
[1]	D: 3 -> 6
[1]	D: 3 -> 0
[1]	D: 3 -> 1
[1]	D: 3 -> 2
[1]	D: 3 -> 4
[1]	D: 4 -> 3
[1]	D: 4 -> 5
[1]	D: 4 -> 7
[1]	D: 4 -> 0
[1]	D: 4 -> 5
[1]	D: 4 -> 7
[1]	D: 4 -> 0
[1]	D: 4 -> 3
[1]	D: 4 -> 7
[1]	D: 4 -> 0
[1]	D: 4 -> 3
[1]	D: 4 -> 5
[1]	D: 5 -> 4
[1]	D: 5 -> 6
[1]	D: 5 -> 0
[1]	D: 5 -> 6
[1]	D: 5 -> 0
[1]	D: 5 -> 4
[1]	D: 6 -> 5
[1]	D: 6 -> 3
[1]	D: 7 -> 4
[1]	D: 7 -> 2
[2]	D: 0 -> 1
[2]	D: 0 -> 2
[2]	D: 0 -> 3
[2]	D: 0 -> 4
[2]	D: 0 -> 5
[2]	D: 0 -> 1
[2]	D: 0 -> 2
[2]	D: 0 -> 3
[2]	D: 0 -> 4
[2]	D: 0 -> 5
[2]	D: 1 -> 0
[2]	D: 1 -> 3
[2]	D: 1 -> 0
[2]	D: 1 -> 3
[2]	D: 1 -> 0
[2]	D: 1 -> 3
[2]	D: 1 -> 0
[2]	D: 1 -> 3
[2]	D: 2 -> 0
[2]	D: 2 -> 3
[2]	D: 2 -> 7
[2]	D: 2 -> 0
[2]	D: 2 -> 3
[2]	D: 2 -> 7
[2]	D: 2 -> 0
[2]	D: 2 -> 3
[2]	D: 2 -> 7
[2]	D: 2 -> 0
[2]	D: 2 -> 3
[2]	D: 2 -> 7
[2]	D: 3 -> 0
[2]	D: 3 -> 1
[2]	D: 3 -> 2
[2]	D: 3 -> 4
[2]	D: 3 -> 6
[2]	D: 3 -> 0
[2]	D: 3 -> 1
[2]	D: 3 -> 2
[2]	D: 3 -> 4
[2]	D: 3 -> 6
[2]	D: 4 -> 0
[2]	D: 4 -> 3
[2]	D: 4 -> 5
[2]	D: 4 -> 7
[2]	D: 4 -> 0
[2]	D: 4 -> 3
[2]	D: 4 -> 5
[2]	D: 4 -> 7
[2]	D: 4 -> 0
[2]	D: 4 -> 3
[2]	D: 4 -> 5
[2]	D: 4 -> 7
[2]	D: 5 -> 0
[2]	D: 5 -> 4
[2]	D: 5 -> 6
[2]	D: 5 -> 0
[2]	D: 5 -> 4
[2]	D: 5 -> 6
[2]	D: 5 -> 0
[2]	D: 5 -> 4
[2]	D: 5 -> 6
[2]	D: 5 -> 0
[2]	D: 5 -> 4
[2]	D: 5 -> 6
[2]	D: 6 -> 3
[2]	D: 6 -> 5
[2]	D: 6 -> 3
[2]	D: 6 -> 5
[2]	D: 6 -> 3
[2]	D: 6 -> 5
[2]	D: 6 -> 3
[2]	D: 6 -> 5
[2]	D: 7 -> 2
[2]	D: 7 -> 4
[2]	D: 7 -> 2
[2]	D: 7 -> 4
[2]	D: 7 -> 2
[2]	D: 7 -> 4
[3]	D: 1 -> 0
[3]	D: 1 -> 3
[3]	D: 6 -> 3
[3]	D: 6 -> 5
[3]	D: 7 -> 2
[3]	D: 7 -> 4
[3]	D: 7 -> 2
[3]	D: 7 -> 4
[20]	D: 7 -> 2
[20]	D: 6 -> 3
[20]	D: 7 -> 4
[20]	D: 6 -> 5
[20]	D: 7 -> 6
[20]	D: 6 -> 7
[21]	D: 2 -> 0
[21]	D: 2 -> 3
[21]	D: 3 -> 0
[21]	D: 3 -> 1
[21]	D: 3 -> 2
[21]	D: 3 -> 4
[21]	D: 4 -> 0
[21]	D: 4 -> 3
[21]	D: 4 -> 5
[21]	D: 5 -> 0
[21]	D: 5 -> 4
[21]	D: 6 -> 3
[21]	D: 6 -> 5
[21]	D: 7 -> 2
[21]	D: 7 -> 4
[22]	D: 0 -> 1
[22]	D: 0 -> 2
[22]	D: 0 -> 3
[22]	D: 0 -> 4
[22]	D: 0 -> 5
[22]	D: 0 -> 1
[22]	D: 0 -> 2
[22]	D: 0 -> 3
[22]	D: 0 -> 4
[22]	D: 0 -> 5
[22]	D: 1 -> 0
[22]	D: 1 -> 3
[22]	D: 2 -> 0
[22]	D: 2 -> 3
[22]	D: 2 -> 7
[22]	D: 3 -> 0
[22]	D: 3 -> 1
[22]	D: 3 -> 2
[22]	D: 3 -> 4
[22]	D: 3 -> 6
[22]	D: 4 -> 0
[22]	D: 4 -> 3
[22]	D: 4 -> 5
[22]	D: 4 -> 7
[22]	D: 5 -> 0
[22]	D: 5 -> 4
[22]	D: 5 -> 6
[23]	D: 1 -> 0
[23]	D: 1 -> 3
[28]	D: 3 -> 0
[28]	D: 3 -> 1
[28]	D: 7 -> 2
[28]	D: 3 -> 2
[28]	D: 7 -> 3
[28]	D: 7 -> 4
[28]	D: 3 -> 4
[28]	D: 7 -> 6
[28]	D: 3 -> 6
[28]	D: 3 -> 7
[29]	D: 0 -> 1
[29]	D: 0 -> 2
[29]	D: 0 -> 4
[29]	D: 0 -> 5
[29]	D: 1 -> 0
[29]	D: 2 -> 0
[29]	D: 2 -> 3
[29]	D: 2 -> 0
[29]	D: 2 -> 7
[29]	D: 3 -> 0
[29]	D: 3 -> 1
[29]	D: 3 -> 2
[29]	D: 3 -> 4
[29]	D: 3 -> 6
[29]	D: 4 -> 0
[29]	D: 4 -> 3
[29]	D: 4 -> 5
[29]	D: 4 -> 0
[29]	D: 4 -> 5
[29]	D: 4 -> 7
[29]	D: 6 -> 3
[29]	D: 6 -> 5
[29]	D: 6 -> 5
[29]	D: 6 -> 7
[29]	D: 7 -> 2
[29]	D: 7 -> 4
[29]	D: 7 -> 6
[30]	D: 0 -> 1
[30]	D: 0 -> 2
[30]	D: 0 -> 3
[30]	D: 0 -> 4
[30]	D: 0 -> 5
[30]	D: 1 -> 0
[30]	D: 1 -> 3
[30]	D: 5 -> 0
[30]	D: 5 -> 4
[30]	D: 5 -> 6
[30]	D: 5 -> 0
[30]	D: 5 -> 4
[30]	D: 5 -> 6
[35]	D: 3 -> 0
[35]	D: 3 -> 1
[35]	D: 3 -> 2
[35]	D: 3 -> 4
[35]	D: 6 -> 5
[35]	D: 3 -> 7
[35]	D: 6 -> 7
[36]	D: 0 -> 1
[36]	D: 0 -> 2
[36]	D: 0 -> 4
[36]	D: 0 -> 5
[36]	D: 1 -> 0
[36]	D: 2 -> 0
[36]	D: 2 -> 7
[36]	D: 4 -> 0
[36]	D: 4 -> 5
[36]	D: 4 -> 7
[36]	D: 5 -> 0
[36]	D: 5 -> 4
[36]	D: 7 -> 2
[36]	D: 7 -> 4
[36]	D: 7 -> 6
[36]	D: 7 -> 2
[36]	D: 7 -> 3
[36]	D: 7 -> 4
[37]	D: 0 -> 1
[37]	D: 0 -> 2
[37]	D: 0 -> 3
[37]	D: 0 -> 4
[37]	D: 0 -> 5
[37]	D: 2 -> 0
[37]	D: 2 -> 3
[37]	D: 2 -> 7
[37]	D: 3 -> 0
[37]	D: 3 -> 1
[37]	D: 3 -> 2
[37]	D: 3 -> 4
[37]	D: 3 -> 7
[37]	D: 4 -> 0
[37]	D: 4 -> 3
[37]	D: 4 -> 5
[37]	D: 4 -> 7
[37]	D: 5 -> 0
[37]	D: 5 -> 4
[37]	D: 5 -> 6
[37]	D: 6 -> 5
[37]	D: 6 -> 7
[38]	D: 1 -> 0
[38]	D: 1 -> 3
[70]	D: 0 -> 1
[70]	D: 3 -> 1
[70]	D: 0 -> 2
[70]	D: 3 -> 2
[70]	D: 0 -> 4
[70]	D: 3 -> 4
[70]	D: 0 -> 5
[70]	D: 3 -> 7
[71]	D: 1 -> 3
[71]	D: 1 -> 0
[71]	D: 2 -> 3
[71]	D: 2 -> 7
[71]	D: 2 -> 0
[71]	D: 2 -> 7
[71]	D: 4 -> 3
[71]	D: 4 -> 5
[71]	D: 4 -> 7
[71]	D: 4 -> 0
[71]	D: 4 -> 5
[71]	D: 4 -> 7
[71]	D: 5 -> 4
[71]	D: 5 -> 6
[71]	D: 7 -> 2
[71]	D: 7 -> 4
[71]	D: 7 -> 6
[72]	D: 0 -> 1
[72]	D: 0 -> 2
[72]	D: 0 -> 4
[72]	D: 0 -> 5
[72]	D: 3 -> 1
[72]	D: 3 -> 2
[72]	D: 3 -> 4
[72]	D: 3 -> 7
[72]	D: 5 -> 0
[72]	D: 5 -> 4
[72]	D: 5 -> 6
[72]	D: 6 -> 5
[72]	D: 6 -> 7
[72]	D: 6 -> 5
[72]	D: 6 -> 7
[72]	D: 7 -> 2
[72]	D: 7 -> 3
[72]	D: 7 -> 4
[72]	D: 7 -> 6
[77]	D: 2 -> 0
[77]	D: 7 -> 3
[77]	D: 2 -> 3
[77]	D: 7 -> 4
[77]	D: 7 -> 6
[78]	D: 0 -> 1
[78]	D: 0 -> 4
[78]	D: 0 -> 5
[78]	D: 3 -> 1
[78]	D: 3 -> 2
[78]	D: 3 -> 4
[78]	D: 3 -> 1
[78]	D: 3 -> 4
[78]	D: 3 -> 7
[78]	D: 4 -> 0
[78]	D: 4 -> 3
[78]	D: 4 -> 5
[78]	D: 6 -> 5
[79]	D: 0 -> 1
[79]	D: 0 -> 2
[79]	D: 0 -> 4
[79]	D: 0 -> 5
[79]	D: 1 -> 0
[79]	D: 1 -> 3
[79]	D: 1 -> 0
[79]	D: 1 -> 3
[79]	D: 2 -> 0
[79]	D: 2 -> 3
[79]	D: 4 -> 0
[79]	D: 4 -> 3
[79]	D: 4 -> 5
[79]	D: 4 -> 7
[79]	D: 5 -> 0
[79]	D: 5 -> 4
[79]	D: 5 -> 6
[79]	D: 5 -> 0
[79]	D: 5 -> 4
[79]	D: 5 -> 6
[79]	D: 7 -> 3
[79]	D: 7 -> 4
[79]	D: 7 -> 6
[80]	D: 6 -> 5
[80]	D: 6 -> 7
[85]	D: 4 -> 0
[85]	D: 3 -> 1
[85]	D: 3 -> 2
[85]	D: 4 -> 5
[85]	D: 3 -> 7
[85]	D: 4 -> 7
[86]	D: 0 -> 1
[86]	D: 0 -> 2
[86]	D: 0 -> 5
[86]	D: 1 -> 0
[86]	D: 2 -> 0
[86]	D: 5 -> 0
[86]	D: 5 -> 6
[86]	D: 7 -> 4
[86]	D: 7 -> 6
[86]	D: 7 -> 3
[86]	D: 7 -> 6
[87]	D: 0 -> 1
[87]	D: 0 -> 2
[87]	D: 0 -> 4
[87]	D: 0 -> 5
[87]	D: 1 -> 0
[87]	D: 1 -> 3
[87]	D: 2 -> 0
[87]	D: 2 -> 3
[87]	D: 3 -> 1
[87]	D: 3 -> 2
[87]	D: 3 -> 7
[87]	D: 4 -> 0
[87]	D: 4 -> 5
[87]	D: 4 -> 7
[87]	D: 6 -> 5
[87]	D: 6 -> 7
[87]	D: 6 -> 5
[87]	D: 6 -> 7
[88]	D: 5 -> 0
[88]	D: 5 -> 4
[88]	D: 5 -> 6
