[10] R[10]: 0 -> 1 =  First do it, then do it right, then do it better.
[10] R[20]: 7 -> 0 =  You won't get anything done by planning.
[10] R[30]: 4 -> 3 =  Sure I could program in PHP, but I could also use a sundial to tell time.
[10] R[40]: 3 -> 4 =  Talk is cheap. Show me the code.
[11] R[20]: 0 -> 5 =  You won't get anything done by planning.
[11] R[10]: 1 -> 3 =  First do it, then do it right, then do it better.
[11] R[40]: 4 -> 7 =  Talk is cheap. Show me the code.
[12] R[10]: 3 -> 4 =  First do it, then do it right, then do it better.
[12] R[20]: 5 -> 6 =  You won't get anything done by planning.
[50] R[50]: 0 -> 1 =  Nine people can’t make a baby in a month.
[50] R[60]: 3 -> 7 =  Perl: The only language that looks the same before and after RSA encryption.
[51] R[50]: 1 -> 3 =  Nine people can’t make a baby in a month.
[52] R[50]: 3 -> 7 =  Nine people can’t make a baby in a month.
[100] R[70]: 2 -> 0 =  Object-oriented design is the roman numerals of computing.
[100] R[80]: 2 -> 0 =  One of my most productive days was throwing away 1000 lines of code.
[100] R[90]: 7 -> 6 =  One of the best programming skills you can have is knowing when to walk away for awhile.
[101] R[70]: 0 -> 1 =  Object-oriented design is the roman numerals of computing.
[101] R[80]: 0 -> 5 =  One of my most productive days was throwing away 1000 lines of code.
[102] R[70]: 1 -> 3 =  Object-oriented design is the roman numerals of computing.
[103] R[70]: 3 -> 7 =  Object-oriented design is the roman numerals of computing.
[120] R[100]: 3 -> 7 =  Optimism is an occupational hazard of programming; feedback is the treatment.
